<?xml version="1.0" encoding="UTF-8"?>
<testsuite name="integrationTest.ParkingIntregrationTest" tests="0" skipped="0" failures="0" errors="0" timestamp="1970-01-01T00:00:00" hostname="DIANA-CIRO" time="0.0">
  <properties/>
  <system-out><![CDATA[15:30:42.615 [Test worker] DEBUG org.springframework.test.context.junit4.SpringJUnit4ClassRunner - SpringJUnit4ClassRunner constructor called with [class integrationTest.ParkingIntregrationTest]
15:30:42.622 [Test worker] DEBUG org.springframework.test.context.BootstrapUtils - Instantiating CacheAwareContextLoaderDelegate from class [org.springframework.test.context.cache.DefaultCacheAwareContextLoaderDelegate]
15:30:42.637 [Test worker] DEBUG org.springframework.test.context.BootstrapUtils - Instantiating BootstrapContext using constructor [public org.springframework.test.context.support.DefaultBootstrapContext(java.lang.Class,org.springframework.test.context.CacheAwareContextLoaderDelegate)]
15:30:42.670 [Test worker] DEBUG org.springframework.test.context.BootstrapUtils - Instantiating TestContextBootstrapper for test class [integrationTest.ParkingIntregrationTest] from class [org.springframework.boot.test.context.SpringBootTestContextBootstrapper]
15:30:42.688 [Test worker] INFO org.springframework.boot.test.context.SpringBootTestContextBootstrapper - Neither @ContextConfiguration nor @ContextHierarchy found for test class [integrationTest.ParkingIntregrationTest], using SpringBootContextLoader
15:30:42.693 [Test worker] DEBUG org.springframework.test.context.support.AbstractContextLoader - Did not detect default resource location for test class [integrationTest.ParkingIntregrationTest]: class path resource [integrationTest/ParkingIntregrationTest-context.xml] does not exist
15:30:42.693 [Test worker] DEBUG org.springframework.test.context.support.AbstractContextLoader - Did not detect default resource location for test class [integrationTest.ParkingIntregrationTest]: class path resource [integrationTest/ParkingIntregrationTestContext.groovy] does not exist
15:30:42.694 [Test worker] INFO org.springframework.test.context.support.AbstractContextLoader - Could not detect default resource locations for test class [integrationTest.ParkingIntregrationTest]: no resource found for suffixes {-context.xml, Context.groovy}.
15:30:42.748 [Test worker] DEBUG org.springframework.test.context.support.ActiveProfilesUtils - Could not find an 'annotation declaring class' for annotation type [org.springframework.test.context.ActiveProfiles] and class [integrationTest.ParkingIntregrationTest]
15:30:42.787 [Test worker] DEBUG org.springframework.boot.test.context.SpringBootTestContextBootstrapper - @TestExecutionListeners is not present for class [integrationTest.ParkingIntregrationTest]: using defaults.
15:30:42.793 [Test worker] INFO org.springframework.boot.test.context.SpringBootTestContextBootstrapper - Loaded default TestExecutionListener class names from location [META-INF/spring.factories]: [org.springframework.boot.test.mock.mockito.MockitoTestExecutionListener, org.springframework.boot.test.mock.mockito.ResetMocksTestExecutionListener, org.springframework.boot.test.autoconfigure.restdocs.RestDocsTestExecutionListener, org.springframework.boot.test.autoconfigure.web.client.MockRestServiceServerResetTestExecutionListener, org.springframework.boot.test.autoconfigure.web.servlet.MockMvcPrintOnlyOnFailureTestExecutionListener, org.springframework.boot.test.autoconfigure.web.servlet.WebDriverTestExecutionListener, org.springframework.test.context.web.ServletTestExecutionListener, org.springframework.test.context.support.DirtiesContextBeforeModesTestExecutionListener, org.springframework.test.context.support.DependencyInjectionTestExecutionListener, org.springframework.test.context.support.DirtiesContextTestExecutionListener, org.springframework.test.context.transaction.TransactionalTestExecutionListener, org.springframework.test.context.jdbc.SqlScriptsTestExecutionListener]
15:30:42.826 [Test worker] INFO org.springframework.boot.test.context.SpringBootTestContextBootstrapper - Using TestExecutionListeners: [org.springframework.test.context.web.ServletTestExecutionListener@7f70224b, org.springframework.test.context.support.DirtiesContextBeforeModesTestExecutionListener@3c2574d1, org.springframework.boot.test.autoconfigure.SpringBootDependencyInjectionTestExecutionListener@7d22d5b0, org.springframework.test.context.support.DirtiesContextTestExecutionListener@76625c9e, org.springframework.test.context.transaction.TransactionalTestExecutionListener@87e4a63, org.springframework.test.context.jdbc.SqlScriptsTestExecutionListener@1f6a3441, org.springframework.boot.test.autoconfigure.web.servlet.WebDriverTestExecutionListener@740efd49, org.springframework.boot.test.autoconfigure.web.servlet.MockMvcPrintOnlyOnFailureTestExecutionListener@10ecd9fa, org.springframework.boot.test.mock.mockito.MockitoTestExecutionListener@6a3ba4d6, org.springframework.boot.test.autoconfigure.web.client.MockRestServiceServerResetTestExecutionListener@243d4dec, org.springframework.boot.test.autoconfigure.restdocs.RestDocsTestExecutionListener@27da1897, org.springframework.boot.test.mock.mockito.ResetMocksTestExecutionListener@518f369f]
15:30:42.847 [Test worker] DEBUG org.springframework.test.annotation.ProfileValueUtils - Retrieved @ProfileValueSourceConfiguration [null] for test class [integrationTest.ParkingIntregrationTest]
15:30:42.847 [Test worker] DEBUG org.springframework.test.annotation.ProfileValueUtils - Retrieved ProfileValueSource type [class org.springframework.test.annotation.SystemProfileValueSource] for class [integrationTest.ParkingIntregrationTest]
]]></system-out>
  <system-err><![CDATA[]]></system-err>
</testsuite>
