<?xml version="1.0" encoding="UTF-8"?>
<testsuite name="integrationTest.VehicleIntegrationTest" tests="0" skipped="0" failures="0" errors="0" timestamp="1970-01-01T00:00:00" hostname="DIANA-CIRO" time="0.0">
  <properties/>
  <system-out><![CDATA[15:30:42.883 [Test worker] DEBUG org.springframework.test.context.junit4.SpringJUnit4ClassRunner - SpringJUnit4ClassRunner constructor called with [class integrationTest.VehicleIntegrationTest]
15:30:42.883 [Test worker] DEBUG org.springframework.test.context.BootstrapUtils - Instantiating CacheAwareContextLoaderDelegate from class [org.springframework.test.context.cache.DefaultCacheAwareContextLoaderDelegate]
15:30:42.884 [Test worker] DEBUG org.springframework.test.context.BootstrapUtils - Instantiating BootstrapContext using constructor [public org.springframework.test.context.support.DefaultBootstrapContext(java.lang.Class,org.springframework.test.context.CacheAwareContextLoaderDelegate)]
15:30:42.884 [Test worker] DEBUG org.springframework.test.context.BootstrapUtils - Instantiating TestContextBootstrapper for test class [integrationTest.VehicleIntegrationTest] from class [org.springframework.boot.test.context.SpringBootTestContextBootstrapper]
15:30:42.885 [Test worker] INFO org.springframework.boot.test.context.SpringBootTestContextBootstrapper - Neither @ContextConfiguration nor @ContextHierarchy found for test class [integrationTest.VehicleIntegrationTest], using SpringBootContextLoader
15:30:42.886 [Test worker] DEBUG org.springframework.test.context.support.AbstractContextLoader - Did not detect default resource location for test class [integrationTest.VehicleIntegrationTest]: class path resource [integrationTest/VehicleIntegrationTest-context.xml] does not exist
15:30:42.886 [Test worker] DEBUG org.springframework.test.context.support.AbstractContextLoader - Did not detect default resource location for test class [integrationTest.VehicleIntegrationTest]: class path resource [integrationTest/VehicleIntegrationTestContext.groovy] does not exist
15:30:42.887 [Test worker] INFO org.springframework.test.context.support.AbstractContextLoader - Could not detect default resource locations for test class [integrationTest.VehicleIntegrationTest]: no resource found for suffixes {-context.xml, Context.groovy}.
15:30:42.893 [Test worker] DEBUG org.springframework.test.context.support.ActiveProfilesUtils - Could not find an 'annotation declaring class' for annotation type [org.springframework.test.context.ActiveProfiles] and class [integrationTest.VehicleIntegrationTest]
15:30:42.895 [Test worker] DEBUG org.springframework.boot.test.context.SpringBootTestContextBootstrapper - @TestExecutionListeners is not present for class [integrationTest.VehicleIntegrationTest]: using defaults.
15:30:42.900 [Test worker] INFO org.springframework.boot.test.context.SpringBootTestContextBootstrapper - Loaded default TestExecutionListener class names from location [META-INF/spring.factories]: [org.springframework.boot.test.mock.mockito.MockitoTestExecutionListener, org.springframework.boot.test.mock.mockito.ResetMocksTestExecutionListener, org.springframework.boot.test.autoconfigure.restdocs.RestDocsTestExecutionListener, org.springframework.boot.test.autoconfigure.web.client.MockRestServiceServerResetTestExecutionListener, org.springframework.boot.test.autoconfigure.web.servlet.MockMvcPrintOnlyOnFailureTestExecutionListener, org.springframework.boot.test.autoconfigure.web.servlet.WebDriverTestExecutionListener, org.springframework.test.context.web.ServletTestExecutionListener, org.springframework.test.context.support.DirtiesContextBeforeModesTestExecutionListener, org.springframework.test.context.support.DependencyInjectionTestExecutionListener, org.springframework.test.context.support.DirtiesContextTestExecutionListener, org.springframework.test.context.transaction.TransactionalTestExecutionListener, org.springframework.test.context.jdbc.SqlScriptsTestExecutionListener]
15:30:42.903 [Test worker] INFO org.springframework.boot.test.context.SpringBootTestContextBootstrapper - Using TestExecutionListeners: [org.springframework.test.context.web.ServletTestExecutionListener@2ac21529, org.springframework.test.context.support.DirtiesContextBeforeModesTestExecutionListener@7d3c89a2, org.springframework.boot.test.autoconfigure.SpringBootDependencyInjectionTestExecutionListener@66446520, org.springframework.test.context.support.DirtiesContextTestExecutionListener@7b8c973e, org.springframework.test.context.transaction.TransactionalTestExecutionListener@41ddbe3b, org.springframework.test.context.jdbc.SqlScriptsTestExecutionListener@58354e3b, org.springframework.boot.test.autoconfigure.web.servlet.WebDriverTestExecutionListener@1d9d4d78, org.springframework.boot.test.autoconfigure.web.servlet.MockMvcPrintOnlyOnFailureTestExecutionListener@2370c92, org.springframework.boot.test.mock.mockito.MockitoTestExecutionListener@2e374689, org.springframework.boot.test.autoconfigure.web.client.MockRestServiceServerResetTestExecutionListener@5c8191e2, org.springframework.boot.test.autoconfigure.restdocs.RestDocsTestExecutionListener@2b00f187, org.springframework.boot.test.mock.mockito.ResetMocksTestExecutionListener@11e92be9]
15:30:42.904 [Test worker] DEBUG org.springframework.test.annotation.ProfileValueUtils - Retrieved @ProfileValueSourceConfiguration [null] for test class [integrationTest.VehicleIntegrationTest]
15:30:42.904 [Test worker] DEBUG org.springframework.test.annotation.ProfileValueUtils - Retrieved ProfileValueSource type [class org.springframework.test.annotation.SystemProfileValueSource] for class [integrationTest.VehicleIntegrationTest]
]]></system-out>
  <system-err><![CDATA[]]></system-err>
</testsuite>
