<?xml version="1.0" encoding="UTF-8"?>
<testsuite name="integrationTest.RegisterParkingIntegrationTest" tests="1" skipped="0" failures="0" errors="0" timestamp="2017-12-04T15:52:58" hostname="DIANA-CIRO" time="0.077">
  <properties/>
  <testcase name="getReceipWithoutCancel" classname="integrationTest.RegisterParkingIntegrationTest" time="0.077"/>
  <system-out><![CDATA[2017-12-04 10:52:58.278  INFO 9008 --- [    Test worker] .b.t.c.SpringBootTestContextBootstrapper : Neither @ContextConfiguration nor @ContextHierarchy found for test class [integrationTest.RegisterParkingIntegrationTest], using SpringBootContextLoader
2017-12-04 10:52:58.279  INFO 9008 --- [    Test worker] o.s.t.c.support.AbstractContextLoader    : Could not detect default resource locations for test class [integrationTest.RegisterParkingIntegrationTest]: no resource found for suffixes {-context.xml, Context.groovy}.
2017-12-04 10:52:58.287  INFO 9008 --- [    Test worker] .b.t.c.SpringBootTestContextBootstrapper : Loaded default TestExecutionListener class names from location [META-INF/spring.factories]: [org.springframework.boot.test.mock.mockito.MockitoTestExecutionListener, org.springframework.boot.test.mock.mockito.ResetMocksTestExecutionListener, org.springframework.boot.test.autoconfigure.restdocs.RestDocsTestExecutionListener, org.springframework.boot.test.autoconfigure.web.client.MockRestServiceServerResetTestExecutionListener, org.springframework.boot.test.autoconfigure.web.servlet.MockMvcPrintOnlyOnFailureTestExecutionListener, org.springframework.boot.test.autoconfigure.web.servlet.WebDriverTestExecutionListener, org.springframework.test.context.web.ServletTestExecutionListener, org.springframework.test.context.support.DirtiesContextBeforeModesTestExecutionListener, org.springframework.test.context.support.DependencyInjectionTestExecutionListener, org.springframework.test.context.support.DirtiesContextTestExecutionListener, org.springframework.test.context.transaction.TransactionalTestExecutionListener, org.springframework.test.context.jdbc.SqlScriptsTestExecutionListener]
2017-12-04 10:52:58.290  INFO 9008 --- [    Test worker] .b.t.c.SpringBootTestContextBootstrapper : Using TestExecutionListeners: [org.springframework.test.context.web.ServletTestExecutionListener@3885a6d, org.springframework.test.context.support.DirtiesContextBeforeModesTestExecutionListener@20c42d89, org.springframework.boot.test.autoconfigure.SpringBootDependencyInjectionTestExecutionListener@63c0a186, org.springframework.test.context.support.DirtiesContextTestExecutionListener@1f08c08f, org.springframework.test.context.transaction.TransactionalTestExecutionListener@5e92ba31, org.springframework.test.context.jdbc.SqlScriptsTestExecutionListener@5f3b7c0f, org.springframework.boot.test.autoconfigure.restdocs.RestDocsTestExecutionListener@39112aff, org.springframework.boot.test.autoconfigure.web.servlet.WebDriverTestExecutionListener@60c489ea, org.springframework.boot.test.mock.mockito.ResetMocksTestExecutionListener@2b4cf4f1, org.springframework.boot.test.autoconfigure.web.client.MockRestServiceServerResetTestExecutionListener@2f133e93, org.springframework.boot.test.mock.mockito.MockitoTestExecutionListener@1f65af5c, org.springframework.boot.test.autoconfigure.web.servlet.MockMvcPrintOnlyOnFailureTestExecutionListener@5baafe83]
]]></system-out>
  <system-err><![CDATA[]]></system-err>
</testsuite>
