<?xml version="1.0" encoding="UTF-8"?>
<testsuite name="integrationTest.VehicleIntegrationTest" tests="1" skipped="0" failures="0" errors="0" timestamp="2017-12-04T15:52:58" hostname="DIANA-CIRO" time="0.013">
  <properties/>
  <testcase name="addVehicle" classname="integrationTest.VehicleIntegrationTest" time="0.013"/>
  <system-out><![CDATA[2017-12-04 10:52:58.373  INFO 9008 --- [    Test worker] .b.t.c.SpringBootTestContextBootstrapper : Neither @ContextConfiguration nor @ContextHierarchy found for test class [integrationTest.VehicleIntegrationTest], using SpringBootContextLoader
2017-12-04 10:52:58.374  INFO 9008 --- [    Test worker] o.s.t.c.support.AbstractContextLoader    : Could not detect default resource locations for test class [integrationTest.VehicleIntegrationTest]: no resource found for suffixes {-context.xml, Context.groovy}.
2017-12-04 10:52:58.381  INFO 9008 --- [    Test worker] .b.t.c.SpringBootTestContextBootstrapper : Loaded default TestExecutionListener class names from location [META-INF/spring.factories]: [org.springframework.boot.test.mock.mockito.MockitoTestExecutionListener, org.springframework.boot.test.mock.mockito.ResetMocksTestExecutionListener, org.springframework.boot.test.autoconfigure.restdocs.RestDocsTestExecutionListener, org.springframework.boot.test.autoconfigure.web.client.MockRestServiceServerResetTestExecutionListener, org.springframework.boot.test.autoconfigure.web.servlet.MockMvcPrintOnlyOnFailureTestExecutionListener, org.springframework.boot.test.autoconfigure.web.servlet.WebDriverTestExecutionListener, org.springframework.test.context.web.ServletTestExecutionListener, org.springframework.test.context.support.DirtiesContextBeforeModesTestExecutionListener, org.springframework.test.context.support.DependencyInjectionTestExecutionListener, org.springframework.test.context.support.DirtiesContextTestExecutionListener, org.springframework.test.context.transaction.TransactionalTestExecutionListener, org.springframework.test.context.jdbc.SqlScriptsTestExecutionListener]
2017-12-04 10:52:58.383  INFO 9008 --- [    Test worker] .b.t.c.SpringBootTestContextBootstrapper : Using TestExecutionListeners: [org.springframework.test.context.web.ServletTestExecutionListener@4aed1fbc, org.springframework.test.context.support.DirtiesContextBeforeModesTestExecutionListener@34ebe4b8, org.springframework.boot.test.autoconfigure.SpringBootDependencyInjectionTestExecutionListener@3b8a7c36, org.springframework.test.context.support.DirtiesContextTestExecutionListener@4e1411c0, org.springframework.test.context.transaction.TransactionalTestExecutionListener@6ca6f741, org.springframework.test.context.jdbc.SqlScriptsTestExecutionListener@7030049, org.springframework.boot.test.autoconfigure.restdocs.RestDocsTestExecutionListener@6f00b753, org.springframework.boot.test.autoconfigure.web.servlet.WebDriverTestExecutionListener@1742162, org.springframework.boot.test.mock.mockito.ResetMocksTestExecutionListener@5ab3c2f2, org.springframework.boot.test.autoconfigure.web.client.MockRestServiceServerResetTestExecutionListener@452d90a5, org.springframework.boot.test.mock.mockito.MockitoTestExecutionListener@2f7d0d7c, org.springframework.boot.test.autoconfigure.web.servlet.MockMvcPrintOnlyOnFailureTestExecutionListener@fa256c0]
]]></system-out>
  <system-err><![CDATA[]]></system-err>
</testsuite>
