<?xml version="1.0" encoding="UTF-8"?>
<testsuite name="unitTest.VehicleUnitTest" tests="1" skipped="0" failures="0" errors="0" timestamp="2017-12-04T15:52:58" hostname="DIANA-CIRO" time="0.002">
  <properties/>
  <testcase name="addVehicle" classname="unitTest.VehicleUnitTest" time="0.002"/>
  <system-out><![CDATA[]]></system-out>
  <system-err><![CDATA[]]></system-err>
</testsuite>
