<?xml version="1.0" encoding="UTF-8"?>
<testsuite name="integrationTest.RegisterParkingIntegrationTest" tests="0" skipped="0" failures="0" errors="0" timestamp="1970-01-01T00:00:00" hostname="DIANA-CIRO" time="0.0">
  <properties/>
  <system-out><![CDATA[15:30:42.857 [Test worker] DEBUG org.springframework.test.context.junit4.SpringJUnit4ClassRunner - SpringJUnit4ClassRunner constructor called with [class integrationTest.RegisterParkingIntegrationTest]
15:30:42.857 [Test worker] DEBUG org.springframework.test.context.BootstrapUtils - Instantiating CacheAwareContextLoaderDelegate from class [org.springframework.test.context.cache.DefaultCacheAwareContextLoaderDelegate]
15:30:42.857 [Test worker] DEBUG org.springframework.test.context.BootstrapUtils - Instantiating BootstrapContext using constructor [public org.springframework.test.context.support.DefaultBootstrapContext(java.lang.Class,org.springframework.test.context.CacheAwareContextLoaderDelegate)]
15:30:42.858 [Test worker] DEBUG org.springframework.test.context.BootstrapUtils - Instantiating TestContextBootstrapper for test class [integrationTest.RegisterParkingIntegrationTest] from class [org.springframework.boot.test.context.SpringBootTestContextBootstrapper]
15:30:42.859 [Test worker] INFO org.springframework.boot.test.context.SpringBootTestContextBootstrapper - Neither @ContextConfiguration nor @ContextHierarchy found for test class [integrationTest.RegisterParkingIntegrationTest], using SpringBootContextLoader
15:30:42.859 [Test worker] DEBUG org.springframework.test.context.support.AbstractContextLoader - Did not detect default resource location for test class [integrationTest.RegisterParkingIntegrationTest]: class path resource [integrationTest/RegisterParkingIntegrationTest-context.xml] does not exist
15:30:42.860 [Test worker] DEBUG org.springframework.test.context.support.AbstractContextLoader - Did not detect default resource location for test class [integrationTest.RegisterParkingIntegrationTest]: class path resource [integrationTest/RegisterParkingIntegrationTestContext.groovy] does not exist
15:30:42.860 [Test worker] INFO org.springframework.test.context.support.AbstractContextLoader - Could not detect default resource locations for test class [integrationTest.RegisterParkingIntegrationTest]: no resource found for suffixes {-context.xml, Context.groovy}.
15:30:42.868 [Test worker] DEBUG org.springframework.test.context.support.ActiveProfilesUtils - Could not find an 'annotation declaring class' for annotation type [org.springframework.test.context.ActiveProfiles] and class [integrationTest.RegisterParkingIntegrationTest]
15:30:42.872 [Test worker] DEBUG org.springframework.boot.test.context.SpringBootTestContextBootstrapper - @TestExecutionListeners is not present for class [integrationTest.RegisterParkingIntegrationTest]: using defaults.
15:30:42.875 [Test worker] INFO org.springframework.boot.test.context.SpringBootTestContextBootstrapper - Loaded default TestExecutionListener class names from location [META-INF/spring.factories]: [org.springframework.boot.test.mock.mockito.MockitoTestExecutionListener, org.springframework.boot.test.mock.mockito.ResetMocksTestExecutionListener, org.springframework.boot.test.autoconfigure.restdocs.RestDocsTestExecutionListener, org.springframework.boot.test.autoconfigure.web.client.MockRestServiceServerResetTestExecutionListener, org.springframework.boot.test.autoconfigure.web.servlet.MockMvcPrintOnlyOnFailureTestExecutionListener, org.springframework.boot.test.autoconfigure.web.servlet.WebDriverTestExecutionListener, org.springframework.test.context.web.ServletTestExecutionListener, org.springframework.test.context.support.DirtiesContextBeforeModesTestExecutionListener, org.springframework.test.context.support.DependencyInjectionTestExecutionListener, org.springframework.test.context.support.DirtiesContextTestExecutionListener, org.springframework.test.context.transaction.TransactionalTestExecutionListener, org.springframework.test.context.jdbc.SqlScriptsTestExecutionListener]
15:30:42.880 [Test worker] INFO org.springframework.boot.test.context.SpringBootTestContextBootstrapper - Using TestExecutionListeners: [org.springframework.test.context.web.ServletTestExecutionListener@58e1e5ea, org.springframework.test.context.support.DirtiesContextBeforeModesTestExecutionListener@7b3ddf98, org.springframework.boot.test.autoconfigure.SpringBootDependencyInjectionTestExecutionListener@7959f350, org.springframework.test.context.support.DirtiesContextTestExecutionListener@446b24fb, org.springframework.test.context.transaction.TransactionalTestExecutionListener@13725729, org.springframework.test.context.jdbc.SqlScriptsTestExecutionListener@6269bc0, org.springframework.boot.test.autoconfigure.web.servlet.WebDriverTestExecutionListener@30532b27, org.springframework.boot.test.autoconfigure.web.servlet.MockMvcPrintOnlyOnFailureTestExecutionListener@2d028d2a, org.springframework.boot.test.mock.mockito.MockitoTestExecutionListener@2cc84cbc, org.springframework.boot.test.autoconfigure.web.client.MockRestServiceServerResetTestExecutionListener@1e023a7e, org.springframework.boot.test.autoconfigure.restdocs.RestDocsTestExecutionListener@3721308a, org.springframework.boot.test.mock.mockito.ResetMocksTestExecutionListener@ef39099]
15:30:42.880 [Test worker] DEBUG org.springframework.test.annotation.ProfileValueUtils - Retrieved @ProfileValueSourceConfiguration [null] for test class [integrationTest.RegisterParkingIntegrationTest]
15:30:42.881 [Test worker] DEBUG org.springframework.test.annotation.ProfileValueUtils - Retrieved ProfileValueSource type [class org.springframework.test.annotation.SystemProfileValueSource] for class [integrationTest.RegisterParkingIntegrationTest]
]]></system-out>
  <system-err><![CDATA[]]></system-err>
</testsuite>
